Jun 15 03:10:31 mini-dinstall [139710214338368] INFO: Booting mini-dinstall 0.6.31ubuntu1
Jun 15 03:10:31 mini-dinstall [139710214338368] INFO: Initializing archive indexer unstable
Jun 15 03:10:31 mini-dinstall [139710214338368] INFO: Initializing incoming processor
Jun 15 03:10:31 mini-dinstall [139710132283136] INFO: Created new installer thread (incoming)
Jun 15 03:10:31 mini-dinstall [139710132283136] INFO: Entering batch mode...
Jun 15 03:10:31 mini-dinstall [139710132283136] INFO: Entering daemon mode...
Jun 15 03:10:31 mini-dinstall [139710051645184] INFO: Created new thread (Incoming watcher) for async directory notification
Jun 15 03:10:31 mini-dinstall [139710043252480] INFO: Created new thread (unstable) for archive indexer unstable
Jun 15 03:10:31 mini-dinstall [139710043252480] INFO: Entering batch mode...
Jun 15 03:10:31 mini-dinstall [139710043252480] INFO: Generating Packages file...
Jun 15 03:10:32 mini-dinstall [139710043252480] INFO: Packages generation complete
Jun 15 03:10:32 mini-dinstall [139710043252480] INFO: Generating Sources file...
Jun 15 03:10:32 mini-dinstall [139710043252480] INFO: Sources generation complete
Jun 15 03:10:32 mini-dinstall [139710043252480] INFO: Generating Contents file...
Jun 15 03:10:32 mini-dinstall [139710043252480] INFO: Contents generation complete
Jun 15 03:10:32 mini-dinstall [139710043252480] INFO: Entering daemon mode...
Jun 15 03:10:32 mini-dinstall [139710034859776] INFO: Created new thread (unstable Indexer) for async directory notification
Jun 15 03:11:04 mini-dinstall [139710043252480] INFO: Generating Packages file...
Jun 15 03:11:04 mini-dinstall [139710043252480] INFO: Packages generation complete
Jun 15 03:11:04 mini-dinstall [139710043252480] INFO: Generating Sources file...
Jun 15 03:11:04 mini-dinstall [139710043252480] INFO: Sources generation complete
Jun 15 03:11:04 mini-dinstall [139710043252480] INFO: Skipping generation of Contents file
Jun 15 03:11:33 mini-dinstall [139710043252480] INFO: Skipping generation of Packages file
Jun 15 03:11:33 mini-dinstall [139710043252480] INFO: Skipping generation of Sources file
Jun 15 03:11:33 mini-dinstall [139710043252480] INFO: Generating Contents file...
Jun 15 03:11:33 mini-dinstall [139710043252480] INFO: Contents generation complete
Jun 15 03:12:03 mini-dinstall [139710043252480] INFO: Skipping generation of Packages file
Jun 15 03:12:03 mini-dinstall [139710043252480] INFO: Skipping generation of Sources file
Jun 15 03:12:03 mini-dinstall [139710043252480] INFO: Skipping generation of Contents file
